<?xml version="1.0" encoding="UTF-8"?>
<testng-results skipped="0" failed="0" total="1" passed="1">
  <reporter-output>
  </reporter-output>
  <suite name="Default suite" duration-ms="25057" started-at="2019-01-23T18:13:57Z" finished-at="2019-01-23T18:14:22Z">
    <groups>
    </groups>
    <test name="Default test" duration-ms="25057" started-at="2019-01-23T18:13:57Z" finished-at="2019-01-23T18:14:22Z">
      <class name="testcase.Loginapp">
        <test-method status="PASS" signature="login()[pri:0, instance:testcase.Loginapp@1622fdf]" name="login" duration-ms="25038" started-at="2019-01-23T23:43:57Z" finished-at="2019-01-23T23:44:22Z">
          <reporter-output>
          </reporter-output>
        </test-method> <!-- login -->
      </class> <!-- testcase.Loginapp -->
    </test> <!-- Default test -->
  </suite> <!-- Default suite -->
</testng-results>
